\BOOKMARK [1][-]{section.1}{\376\377\000I\000n\000t\000r\000o\000d\000u\000c\000t\000i\000o\000n\000\040\000a\000n\000d\000\040\000P\000r\000i\000o\000r\000\040\000W\000o\000r\000k}{}% 1
\BOOKMARK [2][-]{subsection.1.1}{\376\377\000I\000n\000t\000r\000o\000d\000u\000c\000t\000i\000o\000n}{section.1}% 2
\BOOKMARK [2][-]{subsection.1.2}{\376\377\000W\000a\000v\000e\000l\000e\000t\000s}{section.1}% 3
\BOOKMARK [2][-]{subsection.1.3}{\376\377\000A\000u\000t\000o\000e\000n\000c\000o\000d\000e\000r\000s}{section.1}% 4
\BOOKMARK [1][-]{section.2}{\376\377\000M\000o\000d\000e\000l\000\040\000D\000e\000s\000c\000r\000i\000p\000t\000i\000o\000n}{}% 5
\BOOKMARK [2][-]{subsection.2.1}{\376\377\000B\000a\000c\000k\000b\000o\000n\000e\000\040\000B\000l\000o\000c\000k\000s}{section.2}% 6
\BOOKMARK [3][-]{subsubsection.2.1.1}{\376\377\000R\000o\000o\000t\000B\000l\000o\000c\000k}{subsection.2.1}% 7
\BOOKMARK [3][-]{subsubsection.2.1.2}{\376\377\000A\000E\000R\000o\000o\000t\000B\000l\000o\000c\000k}{subsection.2.1}% 8
\BOOKMARK [3][-]{subsubsection.2.1.3}{\376\377\000A\000E\000R\000o\000o\000t\000B\000l\000o\000c\000k\000L\000G}{subsection.2.1}% 9
\BOOKMARK [3][-]{subsubsection.2.1.4}{\376\377\000P\000a\000r\000a\000m\000e\000t\000e\000r\000\040\000e\000f\000f\000i\000c\000i\000e\000n\000c\000y}{subsection.2.1}% 10
\BOOKMARK [2][-]{subsection.2.2}{\376\377\000B\000r\000a\000n\000c\000h\000-\000s\000p\000e\000c\000i\000f\000i\000c\000\040\000e\000n\000c\000o\000d\000e\000r\000-\000d\000e\000c\000o\000d\000e\000r\000\040\000d\000e\000s\000i\000g\000n\000s}{section.2}% 11
\BOOKMARK [2][-]{subsection.2.3}{\376\377\000W\000a\000v\000e\000l\000e\000t\000\040\000F\000a\000m\000i\000l\000y\000\040\000B\000l\000o\000c\000k\000s}{section.2}% 12
\BOOKMARK [3][-]{subsubsection.2.3.1}{\376\377\000C\000o\000m\000p\000o\000s\000i\000t\000i\000o\000n\000\040\000b\000l\000o\000c\000k\000s\000:\000\040\000T\000r\000e\000n\000d\000W\000a\000v\000e\000l\000e\000t\000\040\000a\000n\000d\000\040\000T\000r\000e\000n\000d\000W\000a\000v\000e\000l\000e\000t\000G\000e\000n\000e\000r\000i\000c}{subsection.2.3}% 13
\BOOKMARK [3][-]{subsubsection.2.3.2}{\376\377\000A\000s\000y\000m\000m\000e\000t\000r\000i\000c\000\040\000a\000n\000d\000\040\000t\000i\000e\000r\000e\000d\000\040\000w\000a\000v\000e\000l\000e\000t\000\040\000b\000a\000s\000e\000s}{subsection.2.3}% 14
\BOOKMARK [1][-]{section.3}{\376\377\000E\000x\000p\000e\000r\000i\000m\000e\000n\000t\000a\000l\000\040\000S\000e\000t\000u\000p}{}% 15
\BOOKMARK [2][-]{subsection.3.1}{\376\377\000D\000a\000t\000a\000s\000e\000t\000s}{section.3}% 16
\BOOKMARK [2][-]{subsection.3.2}{\376\377\000T\000r\000a\000i\000n\000i\000n\000g\000\040\000P\000r\000o\000t\000o\000c\000o\000l\000s}{section.3}% 17
\BOOKMARK [2][-]{subsection.3.3}{\376\377\000A\000r\000c\000h\000i\000t\000e\000c\000t\000u\000r\000e\000\040\000S\000w\000e\000e\000p\000\040\000a\000n\000d\000\040\000C\000r\000o\000s\000s\000-\000A\000r\000c\000h\000i\000t\000e\000c\000t\000u\000r\000e\000\040\000T\000r\000a\000n\000s\000f\000e\000r}{section.3}% 18
\BOOKMARK [1][-]{section.4}{\376\377\000R\000e\000s\000u\000l\000t\000s}{}% 19
\BOOKMARK [2][-]{subsection.4.1}{\376\377\000P\000e\000r\000-\000P\000e\000r\000i\000o\000d\000\040\000L\000e\000a\000d\000e\000r\000b\000o\000a\000r\000d\000s}{section.4}% 20
\BOOKMARK [2][-]{subsection.4.2}{\376\377\000P\000a\000r\000a\000m\000e\000t\000e\000r\000-\000E\000f\000f\000i\000c\000i\000e\000n\000c\000y\000\040\000F\000r\000o\000n\000t\000i\000e\000r}{section.4}% 21
\BOOKMARK [2][-]{subsection.4.3}{\376\377\000S\000t\000a\000b\000i\000l\000i\000t\000y\000\040\000a\000n\000d\000\040\000A\000b\000l\000a\000t\000i\000o\000n\000s}{section.4}% 22
\BOOKMARK [2][-]{subsection.4.4}{\376\377\000C\000r\000o\000s\000s\000-\000A\000r\000c\000h\000i\000t\000e\000c\000t\000u\000r\000e\000\040\000T\000r\000a\000n\000s\000f\000e\000r\000a\000b\000i\000l\000i\000t\000y\000:\000\040\000N\000H\000i\000T\000S}{section.4}% 23
\BOOKMARK [2][-]{subsection.4.5}{\376\377\000C\000r\000o\000s\000s\000-\000A\000r\000c\000h\000i\000t\000e\000c\000t\000u\000r\000e\000\040\000T\000r\000a\000n\000s\000f\000e\000r\000a\000b\000i\000l\000i\000t\000y\000:\000\040\000T\000r\000a\000n\000s\000f\000o\000r\000m\000e\000r\000\040\000L\000L\000M\000s}{section.4}% 24
\BOOKMARK [1][-]{appendix.A}{\376\377\000P\000a\000p\000e\000r\000-\000S\000a\000m\000p\000l\000e\000\040\000P\000r\000o\000t\000o\000c\000o\000l\000\040\000D\000e\000t\000a\000i\000l\000s}{}% 25
\BOOKMARK [2][-]{subsection.A.1}{\376\377\000F\000a\000i\000t\000h\000f\000u\000l\000\040\000r\000e\000p\000l\000i\000c\000a\000t\000i\000o\000n\000\040\000\050\000M\000u\000l\000t\000i\000S\000t\000e\000p\000L\000R\000\051}{appendix.A}% 26
\BOOKMARK [2][-]{subsection.A.2}{\376\377\000P\000l\000a\000t\000e\000a\000u\000\040\000L\000R\000\040\000v\000a\000r\000i\000a\000n\000t\000\040\000\050\000R\000e\000d\000u\000c\000e\000L\000R\000O\000n\000P\000l\000a\000t\000e\000a\000u\000\051}{appendix.A}% 27
\BOOKMARK [2][-]{subsection.A.3}{\376\377\000W\000h\000y\000\040\000t\000w\000o\000\040\000p\000a\000p\000e\000r\000-\000s\000a\000m\000p\000l\000e\000\040\000p\000r\000o\000t\000o\000c\000o\000l\000s}{appendix.A}% 28
\BOOKMARK [1][-]{appendix.B}{\376\377\000H\000y\000p\000e\000r\000p\000a\000r\000a\000m\000e\000t\000e\000r\000s\000\040\000a\000n\000d\000\040\000E\000m\000p\000i\000r\000i\000c\000a\000l\000\040\000D\000e\000f\000a\000u\000l\000t\000s}{}% 29
\BOOKMARK [2][-]{subsection.B.1}{\376\377\000C\000o\000d\000e\000\040\000d\000e\000f\000a\000u\000l\000t\000s\000\040\000v\000s\000\040\000p\000a\000p\000e\000r\000-\000s\000w\000e\000e\000p\000\040\000v\000a\000l\000u\000e\000s}{appendix.B}% 30
\BOOKMARK [2][-]{subsection.B.2}{\376\377\000A\000r\000c\000h\000i\000t\000e\000c\000t\000u\000r\000a\000l\000\040\000s\000w\000e\000e\000p\000\040\000g\000r\000i\000d\000s}{appendix.B}% 31
\BOOKMARK [2][-]{subsection.B.3}{\376\377\000T\000r\000a\000i\000n\000i\000n\000g\000-\000p\000r\000o\000t\000o\000c\000o\000l\000\040\000h\000y\000p\000e\000r\000p\000a\000r\000a\000m\000e\000t\000e\000r\000s\000\040\000\050\000s\000l\000i\000d\000i\000n\000g\000\051}{appendix.B}% 32
\BOOKMARK [2][-]{subsection.B.4}{\376\377\000P\000e\000r\000-\000p\000e\000r\000i\000o\000d\000\040\000r\000e\000c\000o\000m\000m\000e\000n\000d\000a\000t\000i\000o\000n\000s}{appendix.B}% 33
\BOOKMARK [3][-]{subsubsection.B.4.1}{\376\377\000L\000R\000\040\000s\000c\000h\000e\000d\000u\000l\000e\000r\000\040\000b\000y\000\040\000p\000e\000r\000i\000o\000d\000\040\000a\000n\000d\000\040\000p\000r\000o\000t\000o\000c\000o\000l}{subsection.B.4}% 34
\BOOKMARK [3][-]{subsubsection.B.4.2}{\376\377\000S\000a\000m\000p\000l\000i\000n\000g\000\040\000p\000r\000o\000t\000o\000c\000o\000l\000\040\000v\000e\000r\000d\000i\000c\000t\000\040\000p\000e\000r\000\040\000p\000e\000r\000i\000o\000d}{subsection.B.4}% 35
\BOOKMARK [3][-]{subsubsection.B.4.3}{\376\377\000W\000a\000v\000e\000l\000e\000t\000\040\000f\000a\000m\000i\000l\000y\000\040\000p\000e\000r\000\040\000p\000e\000r\000i\000o\000d}{subsection.B.4}% 36
\BOOKMARK [2][-]{subsection.B.5}{\376\377\000B\000l\000o\000c\000k\000-\000l\000e\000v\000e\000l\000\040\000r\000e\000c\000o\000m\000m\000e\000n\000d\000a\000t\000i\000o\000n\000s}{appendix.B}% 37
\BOOKMARK [2][-]{subsection.B.6}{\376\377\000D\000r\000o\000p\000\040\000l\000i\000s\000t}{appendix.B}% 38
\BOOKMARK [2][-]{subsection.B.7}{\376\377\000Q\000u\000i\000c\000k\000-\000p\000i\000c\000k\000\040\000d\000e\000c\000i\000s\000i\000o\000n\000\040\000t\000a\000b\000l\000e}{appendix.B}% 39
\BOOKMARK [2][-]{subsection.B.8}{\376\377\000C\000r\000o\000s\000s\000-\000p\000e\000r\000i\000o\000d\000\040\000g\000e\000n\000e\000r\000a\000l\000i\000s\000t\000s}{appendix.B}% 40
\BOOKMARK [2][-]{subsection.B.9}{\376\377\000R\000e\000p\000r\000o\000d\000u\000c\000i\000b\000i\000l\000i\000t\000y}{appendix.B}% 41
\BOOKMARK [2][-]{subsection.B.10}{\376\377\000C\000o\000m\000p\000u\000t\000e\000\040\000r\000e\000s\000o\000u\000r\000c\000e\000s}{appendix.B}% 42
\BOOKMARK [1][-]{appendix.C}{\376\377\000C\000o\000n\000f\000i\000g\000u\000r\000a\000t\000i\000o\000n\000\040\000l\000i\000s\000t}{}% 43
\BOOKMARK [2][-]{subsection.C.1}{\376\377\000M\0004\000\040\000s\000w\000e\000e\000p\000s}{appendix.C}% 44
\BOOKMARK [2][-]{subsection.C.2}{\376\377\000O\000u\000t\000-\000o\000f\000-\000d\000i\000s\000t\000r\000i\000b\000u\000t\000i\000o\000n\000\040\000s\000w\000e\000e\000p\000s}{appendix.C}% 45
\BOOKMARK [2][-]{subsection.C.3}{\376\377\000T\000a\000r\000g\000e\000t\000e\000d\000\040\000a\000b\000l\000a\000t\000i\000o\000n\000\040\000c\000o\000n\000f\000i\000g\000s}{appendix.C}% 46
\BOOKMARK [1][-]{appendix.D}{\376\377\000A\000d\000d\000i\000t\000i\000o\000n\000a\000l\000\040\000a\000b\000l\000a\000t\000i\000o\000n\000s}{}% 47
\BOOKMARK [2][-]{subsection.D.1}{\376\377\000a\000c\000t\000i\000v\000e\000\137\000g\000:\000\040\000D\000e\000f\000i\000n\000i\000t\000i\000o\000n\000,\000\040\000I\000n\000s\000t\000a\000b\000i\000l\000i\000t\000y\000,\000\040\000a\000n\000d\000\040\000P\000e\000r\000-\000P\000e\000r\000i\000o\000d\000\040\000E\000f\000f\000e\000c\000t}{appendix.D}% 48
\BOOKMARK [2][-]{subsection.D.2}{\376\377\000T\000i\000e\000r\000e\000d\000\040\000b\000a\000s\000i\000s\000-\000o\000f\000f\000s\000e\000t\000:\000\040\000p\000e\000r\000-\000p\000e\000r\000i\000o\000d\000\040\000v\000e\000r\000d\000i\000c\000t}{appendix.D}% 49
\BOOKMARK [2][-]{subsection.D.3}{\376\377\000L\000R\000\040\000s\000c\000h\000e\000d\000u\000l\000e\000r\000:\000\040\000p\000a\000p\000e\000r\000-\000s\000a\000m\000p\000l\000e\000\040\000m\000a\000t\000c\000h\000e\000d\000\040\000p\000a\000i\000r\000s}{appendix.D}% 50
\BOOKMARK [2][-]{subsection.D.4}{\376\377\000T\000r\000a\000f\000f\000i\000c\000-\0009\0006\000\040\000N\000H\000i\000T\000S\000\040\000t\000r\000a\000n\000s\000f\000e\000r\000a\000b\000i\000l\000i\000t\000y}{appendix.D}% 51
\BOOKMARK [1][-]{appendix.E}{\376\377\000M\0004\000\040\000f\000u\000l\000l\000\040\000p\000e\000r\000-\000p\000e\000r\000i\000o\000d\000\040\000t\000a\000b\000l\000e\000s}{}% 52
\BOOKMARK [2][-]{subsection.E.1}{\376\377\000M\0004\000-\000Y\000e\000a\000r\000l\000y\000\040\000\050\000H\000=\0006\000,\000\040\000L\000=\0003\0000\000\051}{appendix.E}% 53
\BOOKMARK [2][-]{subsection.E.2}{\376\377\000M\0004\000-\000Q\000u\000a\000r\000t\000e\000r\000l\000y\000\040\000\050\000H\000=\0008\000,\000\040\000L\000=\0004\0000\000\051}{appendix.E}% 54
\BOOKMARK [2][-]{subsection.E.3}{\376\377\000M\0004\000-\000M\000o\000n\000t\000h\000l\000y\000\040\000\050\000H\000=\0001\0008\000,\000\040\000L\000=\0009\0000\000\051}{appendix.E}% 55
\BOOKMARK [2][-]{subsection.E.4}{\376\377\000M\0004\000-\000W\000e\000e\000k\000l\000y\000\040\000\050\000H\000=\0001\0003\000,\000\040\000L\000=\0006\0005\000\051}{appendix.E}% 56
\BOOKMARK [2][-]{subsection.E.5}{\376\377\000M\0004\000-\000D\000a\000i\000l\000y\000\040\000\050\000H\000=\0001\0004\000,\000\040\000L\000=\0007\0000\000\051}{appendix.E}% 57
\BOOKMARK [2][-]{subsection.E.6}{\376\377\000M\0004\000-\000H\000o\000u\000r\000l\000y\000\040\000\050\000H\000=\0004\0008\000,\000\040\000L\000=\0002\0004\0000\000\051}{appendix.E}% 58
\BOOKMARK [2][-]{subsection.E.7}{\376\377\000C\000r\000o\000s\000s\000-\000p\000e\000r\000i\000o\000d\000\040\000g\000e\000n\000e\000r\000a\000l\000i\000s\000t\000\040\000m\000e\000a\000n\000\040\000r\000a\000n\000k\000s}{appendix.E}% 59
\BOOKMARK [1][-]{appendix.F}{\376\377\000T\000o\000u\000r\000i\000s\000m\000\040\000a\000n\000d\000\040\000M\000i\000l\000k\000\040\000O\000u\000t\000-\000o\000f\000-\000D\000i\000s\000t\000r\000i\000b\000u\000t\000i\000o\000n\000\040\000R\000e\000s\000u\000l\000t\000s}{}% 60
\BOOKMARK [2][-]{subsection.F.1}{\376\377\000T\000o\000u\000r\000i\000s\000m\000\040\000\050\000Y\000/\000Q\000/\000M\000\051}{appendix.F}% 61
\BOOKMARK [2][-]{subsection.F.2}{\376\377\000M\000i\000l\000k}{appendix.F}% 62
\BOOKMARK [2][-]{subsection.F.3}{\376\377\000B\000a\000c\000k\000b\000o\000n\000e\000-\000b\000y\000-\000r\000e\000g\000i\000m\000e\000\040\000s\000u\000m\000m\000a\000r\000y}{appendix.F}% 63
\BOOKMARK [1][-]{appendix.G}{\376\377\000T\000r\000e\000n\000d\000W\000a\000v\000e\000l\000e\000t\000\040\000a\000n\000d\000\040\000A\000E\000-\000M\000L\000P\000\040\000o\000n\000\040\000a\000\040\000T\000r\000a\000n\000s\000f\000o\000r\000m\000e\000r\000\040\000L\000L\000M}{}% 64
\BOOKMARK [2][-]{subsection.G.1}{\376\377\000A\000r\000c\000h\000i\000t\000e\000c\000t\000u\000r\000e\000\040\000p\000o\000r\000t}{appendix.G}% 65
\BOOKMARK [2][-]{subsection.G.2}{\376\377\000F\000r\000o\000m\000-\000s\000c\000r\000a\000t\000c\000h\000\040\000S\000m\000o\000l\000L\000M\0002\000-\0001\0003\0005\000M\000\040\000t\000r\000a\000j\000e\000c\000t\000o\000r\000y}{appendix.G}% 66
\BOOKMARK [2][-]{subsection.G.3}{\376\377\000D\000i\000s\000t\000i\000l\000l\000a\000t\000i\000o\000n\000\040\000r\000e\000c\000o\000v\000e\000r\000y\000\040\000o\000n\000\040\000L\000l\000a\000m\000a\000-\0003\000.\0002\000-\0001\000B}{appendix.G}% 67
\BOOKMARK [2][-]{subsection.G.4}{\376\377\000R\000e\000i\000n\000v\000e\000s\000t\000i\000n\000g\000\040\000s\000a\000v\000e\000d\000\040\000p\000a\000r\000a\000m\000e\000t\000e\000r\000s}{appendix.G}% 68
\BOOKMARK [2][-]{subsection.G.5}{\376\377\000C\000a\000v\000e\000a\000t\000s\000\040\000a\000n\000d\000\040\000r\000e\000p\000r\000o\000d\000u\000c\000i\000b\000i\000l\000i\000t\000y}{appendix.G}% 69
\BOOKMARK [1][-]{appendix.H}{\376\377\000L\000i\000m\000i\000t\000a\000t\000i\000o\000n\000s}{}% 70
